c:\doctorprof\soft\lightcontrol\web\web\x64\debug\vc143.pdb
c:\doctorprof\soft\lightcontrol\web\web\x64\debug\vc143.idb
c:\doctorprof\soft\lightcontrol\web\web\x64\debug\utils.obj
c:\doctorprof\soft\lightcontrol\web\web\x64\debug\network.obj
c:\doctorprof\soft\lightcontrol\web\web\x64\debug\ledapp.obj
c:\doctorprof\soft\lightcontrol\web\web\x64\debug\main.obj
c:\doctorprof\soft\lightcontrol\web\x64\debug\web.exe
c:\doctorprof\soft\lightcontrol\web\web\x64\debug\web.ilk
c:\doctorprof\soft\lightcontrol\web\x64\debug\web.pdb
c:\doctorprof\soft\lightcontrol\web\x64\debug\wtd.dll
c:\doctorprof\soft\lightcontrol\web\x64\debug\boost_thread-vc143-mt-gd-x64-1_86.dll
c:\doctorprof\soft\lightcontrol\web\x64\debug\boost_filesystem-vc143-mt-gd-x64-1_86.dll
c:\doctorprof\soft\lightcontrol\web\x64\debug\libssl-3-x64.dll
c:\doctorprof\soft\lightcontrol\web\x64\debug\libcrypto-3-x64.dll
c:\doctorprof\soft\lightcontrol\web\x64\debug\hpdf.dll
c:\doctorprof\soft\lightcontrol\web\x64\debug\libpng16d.dll
c:\doctorprof\soft\lightcontrol\web\x64\debug\zlibd1.dll
c:\doctorprof\soft\lightcontrol\web\x64\debug\glew32d.dll
c:\doctorprof\soft\lightcontrol\web\x64\debug\wthttpd.dll
c:\doctorprof\soft\lightcontrol\web\x64\debug\boost_program_options-vc143-mt-gd-x64-1_86.dll
c:\doctorprof\soft\lightcontrol\web\x64\debug\boost_thread-vc143-mt-gd-x64-1_88.dll
c:\doctorprof\soft\lightcontrol\web\x64\debug\boost_filesystem-vc143-mt-gd-x64-1_88.dll
c:\doctorprof\soft\lightcontrol\web\x64\debug\boost_program_options-vc143-mt-gd-x64-1_88.dll
c:\doctorprof\soft\lightcontrol\web\web\x64\debug\web.tlog\cl.command.1.tlog
c:\doctorprof\soft\lightcontrol\web\web\x64\debug\web.tlog\cl.items.tlog
c:\doctorprof\soft\lightcontrol\web\web\x64\debug\web.tlog\cl.read.1.tlog
c:\doctorprof\soft\lightcontrol\web\web\x64\debug\web.tlog\cl.write.1.tlog
c:\doctorprof\soft\lightcontrol\web\web\x64\debug\web.tlog\link.command.1.tlog
c:\doctorprof\soft\lightcontrol\web\web\x64\debug\web.tlog\link.read.1.tlog
c:\doctorprof\soft\lightcontrol\web\web\x64\debug\web.tlog\link.write.1.tlog
c:\doctorprof\soft\lightcontrol\web\web\x64\debug\web.tlog\web.write.1u.tlog
